<?xml version="1.0" encoding="UTF-8"?>
<robot generator="Robot 3.2.2 (Python 3.9.0 on win32)" generated="20201105 09:19:13.760" rpa="false">
<suite id="s1" name="Appium Big Basket Project" source="C:\Users\Training\Desktop\Selenium folder\RobotWorkspace\Appium Big Basket Project">
<suite id="s1-s1" name="Nativeappsuite" source="C:\Users\Training\Desktop\Selenium folder\RobotWorkspace\Appium Big Basket Project\nativeappsuite">
<suite id="s1-s1-s1" name="Gherkinstest" source="C:\Users\Training\Desktop\Selenium folder\RobotWorkspace\Appium Big Basket Project\nativeappsuite\Gherkinstest.robot">
<test id="s1-s1-s1-t1" name="GherkinsTest">
<kw name="Given I have launched Big Basket application" library="stepdefn">
<kw name="Open Application" library="AppiumLibrary">
<doc>Opens a new application to given Appium server.
Capabilities of appium server, Android and iOS,
Please check https://github.com/appium/appium/blob/master/docs/en/writing-running-appium/server-args.md
| *Option*            | *Man.* | *Description*     |
| remote_url          | Yes    | Appium server url |
| alias               | no     | alias             |</doc>
<arguments>
<arg>remote_url=http://localhost:4723/wd/hub</arg>
<arg>platformName=android</arg>
<arg>deviceName=pixel 2</arg>
<arg>appPackage=com.bigbasket.mobileapp</arg>
<arg>appActivity=com.bigbasket.mobileapp.activity.SplashActivity</arg>
<arg>noReset=true</arg>
</arguments>
<status status="PASS" starttime="20201105 09:19:14.077" endtime="20201105 09:19:24.969"></status>
</kw>
<kw name="Set Appium Timeout" library="AppiumLibrary">
<doc>Sets the timeout in seconds used by various keywords.</doc>
<arguments>
<arg>30s</arg>
</arguments>
<status status="PASS" starttime="20201105 09:19:24.972" endtime="20201105 09:19:24.975"></status>
</kw>
<status status="PASS" starttime="20201105 09:19:14.077" endtime="20201105 09:19:24.975"></status>
</kw>
<kw name="When I click open navigation" library="stepdefn">
<kw name="Sleep" library="BuiltIn">
<doc>Pauses the test executed for the given time.</doc>
<arguments>
<arg>5S</arg>
</arguments>
<msg timestamp="20201105 09:19:29.978" level="INFO">Slept 5 seconds</msg>
<status status="PASS" starttime="20201105 09:19:24.976" endtime="20201105 09:19:29.979"></status>
</kw>
<kw name="Click Element" library="AppiumLibrary">
<doc>Click element identified by `locator`.</doc>
<arguments>
<arg>//*[@content-desc='Open navigation']</arg>
</arguments>
<msg timestamp="20201105 09:19:29.982" level="INFO">Clicking element '//*[@content-desc='Open navigation']'.</msg>
<status status="PASS" starttime="20201105 09:19:29.979" endtime="20201105 09:19:30.391"></status>
</kw>
<status status="PASS" starttime="20201105 09:19:24.975" endtime="20201105 09:19:30.392"></status>
</kw>
<kw name="When I click shop by category as &quot;Smart Basket&quot;" library="stepdefn">
<kw name="Get Webelements" library="AppiumLibrary">
<doc>Returns list of [http://selenium-python.readthedocs.io/api.html#module-selenium.webdriver.remote.webelement|WebElement] objects matching ``locator``.</doc>
<arguments>
<arg>//*[@resource-id='com.bigbasket.mobileapp:id/title']</arg>
</arguments>
<assign>
<var>${elements}</var>
</assign>
<msg timestamp="20201105 09:19:31.785" level="INFO">${elements} = [&lt;appium.webdriver.webelement.WebElement (session="ceb61ef5-0d6f-4e8a-8392-639a3b1bebfd", element="1b2abdfd-a2c3-4499-a762-0cb29160fd4c")&gt;, &lt;appium.webdriver.webelement.WebElement (session="ceb61ef5-0...</msg>
<status status="PASS" starttime="20201105 09:19:30.395" endtime="20201105 09:19:31.785"></status>
</kw>
<kw name="${element} IN [ @{elements} ]" type="for">
<kw name="${element} = &lt;appium.webdriver.webelement.WebElement (session=&quot;ceb61ef5-0d6f-4e8a-8392-639a3b1bebfd&quot;, element=&quot;1b2abdfd-a2c3-4499-a762-0cb29160fd4c&quot;)&gt;" type="foritem">
<kw name="Get Text" library="AppiumLibrary">
<doc>Get element text (for hybrid and mobile browser use `xpath` locator, others might cause problem)</doc>
<arguments>
<arg>${element}</arg>
</arguments>
<assign>
<var>${text}</var>
</assign>
<msg timestamp="20201105 09:19:31.806" level="INFO">Element '&lt;appium.webdriver.webelement.WebElement (session="ceb61ef5-0d6f-4e8a-8392-639a3b1bebfd", element="1b2abdfd-a2c3-4499-a762-0cb29160fd4c")&gt;' text is 'Home' </msg>
<msg timestamp="20201105 09:19:31.806" level="INFO">${text} = Home</msg>
<status status="PASS" starttime="20201105 09:19:31.786" endtime="20201105 09:19:31.806"></status>
</kw>
<kw name="Log To Console" library="BuiltIn">
<doc>Logs the given message to the console.</doc>
<arguments>
<arg>${text}</arg>
</arguments>
<status status="PASS" starttime="20201105 09:19:31.806" endtime="20201105 09:19:31.807"></status>
</kw>
<kw name="Run Keyword If" library="BuiltIn">
<doc>Runs the given keyword with the given arguments, if ``condition`` is true.</doc>
<arguments>
<arg>'${text}'=='${Selectedvalue}'</arg>
<arg>Click Element</arg>
<arg>${element}</arg>
</arguments>
<status status="PASS" starttime="20201105 09:19:31.807" endtime="20201105 09:19:31.807"></status>
</kw>
<kw name="Exit For Loop If" library="BuiltIn">
<doc>Stops executing the enclosing for loop if the ``condition`` is true.</doc>
<arguments>
<arg>'${text}'=='${Selectedvalue}'</arg>
</arguments>
<status status="PASS" starttime="20201105 09:19:31.808" endtime="20201105 09:19:31.808"></status>
</kw>
<status status="PASS" starttime="20201105 09:19:31.786" endtime="20201105 09:19:31.808"></status>
</kw>
<kw name="${element} = &lt;appium.webdriver.webelement.WebElement (session=&quot;ceb61ef5-0d6f-4e8a-8392-639a3b1bebfd&quot;, element=&quot;7c63ac27-dc61-422e-9316-857f1f3365ec&quot;)&gt;" type="foritem">
<kw name="Get Text" library="AppiumLibrary">
<doc>Get element text (for hybrid and mobile browser use `xpath` locator, others might cause problem)</doc>
<arguments>
<arg>${element}</arg>
</arguments>
<assign>
<var>${text}</var>
</assign>
<msg timestamp="20201105 09:19:31.826" level="INFO">Element '&lt;appium.webdriver.webelement.WebElement (session="ceb61ef5-0d6f-4e8a-8392-639a3b1bebfd", element="7c63ac27-dc61-422e-9316-857f1f3365ec")&gt;' text is 'Smart Basket' </msg>
<msg timestamp="20201105 09:19:31.826" level="INFO">${text} = Smart Basket</msg>
<status status="PASS" starttime="20201105 09:19:31.809" endtime="20201105 09:19:31.826"></status>
</kw>
<kw name="Log To Console" library="BuiltIn">
<doc>Logs the given message to the console.</doc>
<arguments>
<arg>${text}</arg>
</arguments>
<status status="PASS" starttime="20201105 09:19:31.827" endtime="20201105 09:19:31.827"></status>
</kw>
<kw name="Run Keyword If" library="BuiltIn">
<doc>Runs the given keyword with the given arguments, if ``condition`` is true.</doc>
<arguments>
<arg>'${text}'=='${Selectedvalue}'</arg>
<arg>Click Element</arg>
<arg>${element}</arg>
</arguments>
<kw name="Click Element" library="AppiumLibrary">
<doc>Click element identified by `locator`.</doc>
<arguments>
<arg>${element}</arg>
</arguments>
<msg timestamp="20201105 09:19:31.829" level="INFO">Clicking element '&lt;appium.webdriver.webelement.WebElement (session="ceb61ef5-0d6f-4e8a-8392-639a3b1bebfd", element="7c63ac27-dc61-422e-9316-857f1f3365ec")&gt;'.</msg>
<status status="PASS" starttime="20201105 09:19:31.828" endtime="20201105 09:19:31.918"></status>
</kw>
<status status="PASS" starttime="20201105 09:19:31.827" endtime="20201105 09:19:31.919"></status>
</kw>
<kw name="Exit For Loop If" library="BuiltIn">
<doc>Stops executing the enclosing for loop if the ``condition`` is true.</doc>
<arguments>
<arg>'${text}'=='${Selectedvalue}'</arg>
</arguments>
<msg timestamp="20201105 09:19:31.920" level="INFO">Exiting for loop altogether.</msg>
<status status="PASS" starttime="20201105 09:19:31.919" endtime="20201105 09:19:31.920"></status>
</kw>
<status status="PASS" starttime="20201105 09:19:31.809" endtime="20201105 09:19:31.921"></status>
</kw>
<status status="PASS" starttime="20201105 09:19:31.786" endtime="20201105 09:19:31.921"></status>
</kw>
<status status="PASS" starttime="20201105 09:19:30.393" endtime="20201105 09:19:31.923"></status>
</kw>
<kw name="When I click on adding and removing items" library="stepdefn">
<kw name="Sleep" library="BuiltIn">
<doc>Pauses the test executed for the given time.</doc>
<arguments>
<arg>5S</arg>
</arguments>
<msg timestamp="20201105 09:19:36.926" level="INFO">Slept 5 seconds</msg>
<status status="PASS" starttime="20201105 09:19:31.925" endtime="20201105 09:19:36.926"></status>
</kw>
<kw name="Click Element" library="AppiumLibrary">
<doc>Click element identified by `locator`.</doc>
<arguments>
<arg>//*[@text='Categories']</arg>
</arguments>
<msg timestamp="20201105 09:19:36.929" level="INFO">Clicking element '//*[@text='Categories']'.</msg>
<status status="PASS" starttime="20201105 09:19:36.927" endtime="20201105 09:19:37.235"></status>
</kw>
<kw name="Wait Until Page Contains Element" library="AppiumLibrary">
<doc>Waits until element specified with `locator` appears on current page.</doc>
<arguments>
<arg>//*[@text='Fruits &amp; Vegetables']</arg>
</arguments>
<status status="PASS" starttime="20201105 09:19:37.237" endtime="20201105 09:19:38.631"></status>
</kw>
<kw name="Click Element" library="AppiumLibrary">
<doc>Click element identified by `locator`.</doc>
<arguments>
<arg>//*[@text='Fruits &amp; Vegetables']</arg>
</arguments>
<msg timestamp="20201105 09:19:38.632" level="INFO">Clicking element '//*[@text='Fruits &amp; Vegetables']'.</msg>
<status status="PASS" starttime="20201105 09:19:38.631" endtime="20201105 09:19:38.818"></status>
</kw>
<kw name="Wait Until Page Contains Element" library="AppiumLibrary">
<doc>Waits until element specified with `locator` appears on current page.</doc>
<arguments>
<arg>//*[@text='All Fruits &amp; Vegetables']</arg>
</arguments>
<status status="PASS" starttime="20201105 09:19:38.819" endtime="20201105 09:19:39.926"></status>
</kw>
<kw name="Click Element" library="AppiumLibrary">
<doc>Click element identified by `locator`.</doc>
<arguments>
<arg>//*[@text='All Fruits &amp; Vegetables']</arg>
</arguments>
<msg timestamp="20201105 09:19:39.928" level="INFO">Clicking element '//*[@text='All Fruits &amp; Vegetables']'.</msg>
<status status="PASS" starttime="20201105 09:19:39.926" endtime="20201105 09:19:40.158"></status>
</kw>
<kw name="Wait Until Page Contains Element" library="AppiumLibrary">
<doc>Waits until element specified with `locator` appears on current page.</doc>
<arguments>
<arg>//*[@resource-id='com.bigbasket.mobileapp:id/imgCategory']</arg>
</arguments>
<status status="PASS" starttime="20201105 09:19:40.159" endtime="20201105 09:19:42.344"></status>
</kw>
<kw name="Click Element" library="AppiumLibrary">
<doc>Click element identified by `locator`.</doc>
<arguments>
<arg>//*[@resource-id='com.bigbasket.mobileapp:id/imgCategory']</arg>
</arguments>
<msg timestamp="20201105 09:19:42.345" level="INFO">Clicking element '//*[@resource-id='com.bigbasket.mobileapp:id/imgCategory']'.</msg>
<status status="PASS" starttime="20201105 09:19:42.344" endtime="20201105 09:19:42.574"></status>
</kw>
<kw name="${i} IN RANGE [ 1 | 5 ]" type="for">
<kw name="${i} = 1" type="foritem">
<kw name="Wait Until Page Contains Element" library="AppiumLibrary">
<doc>Waits until element specified with `locator` appears on current page.</doc>
<arguments>
<arg>xpath=//*[@text='Add']</arg>
</arguments>
<status status="PASS" starttime="20201105 09:19:42.575" endtime="20201105 09:19:46.025"></status>
</kw>
<kw name="Click Element" library="AppiumLibrary">
<doc>Click element identified by `locator`.</doc>
<arguments>
<arg>xpath=//*[@text='Add']</arg>
</arguments>
<msg timestamp="20201105 09:19:46.027" level="INFO">Clicking element 'xpath=//*[@text='Add']'.</msg>
<status status="PASS" starttime="20201105 09:19:46.025" endtime="20201105 09:19:46.225"></status>
</kw>
<kw name="Swipe By Percent" library="AppiumLibrary">
<doc>Swipe from one percent of the screen to another percent, for an optional duration.
Normal swipe fails to scale for different screen resolutions, this can be avoided using percent.</doc>
<arguments>
<arg>90</arg>
<arg>75</arg>
<arg>90</arg>
<arg>30</arg>
</arguments>
<status status="PASS" starttime="20201105 09:19:46.225" endtime="20201105 09:19:48.219"></status>
</kw>
<status status="PASS" starttime="20201105 09:19:42.575" endtime="20201105 09:19:48.220"></status>
</kw>
<kw name="${i} = 2" type="foritem">
<kw name="Wait Until Page Contains Element" library="AppiumLibrary">
<doc>Waits until element specified with `locator` appears on current page.</doc>
<arguments>
<arg>xpath=//*[@text='Add']</arg>
</arguments>
<status status="PASS" starttime="20201105 09:19:48.221" endtime="20201105 09:19:48.349"></status>
</kw>
<kw name="Click Element" library="AppiumLibrary">
<doc>Click element identified by `locator`.</doc>
<arguments>
<arg>xpath=//*[@text='Add']</arg>
</arguments>
<msg timestamp="20201105 09:19:48.351" level="INFO">Clicking element 'xpath=//*[@text='Add']'.</msg>
<status status="PASS" starttime="20201105 09:19:48.349" endtime="20201105 09:19:48.527"></status>
</kw>
<kw name="Swipe By Percent" library="AppiumLibrary">
<doc>Swipe from one percent of the screen to another percent, for an optional duration.
Normal swipe fails to scale for different screen resolutions, this can be avoided using percent.</doc>
<arguments>
<arg>90</arg>
<arg>75</arg>
<arg>90</arg>
<arg>30</arg>
</arguments>
<status status="PASS" starttime="20201105 09:19:48.528" endtime="20201105 09:19:50.560"></status>
</kw>
<status status="PASS" starttime="20201105 09:19:48.220" endtime="20201105 09:19:50.561"></status>
</kw>
<kw name="${i} = 3" type="foritem">
<kw name="Wait Until Page Contains Element" library="AppiumLibrary">
<doc>Waits until element specified with `locator` appears on current page.</doc>
<arguments>
<arg>xpath=//*[@text='Add']</arg>
</arguments>
<status status="PASS" starttime="20201105 09:19:50.562" endtime="20201105 09:19:50.690"></status>
</kw>
<kw name="Click Element" library="AppiumLibrary">
<doc>Click element identified by `locator`.</doc>
<arguments>
<arg>xpath=//*[@text='Add']</arg>
</arguments>
<msg timestamp="20201105 09:19:50.691" level="INFO">Clicking element 'xpath=//*[@text='Add']'.</msg>
<status status="PASS" starttime="20201105 09:19:50.690" endtime="20201105 09:19:50.898"></status>
</kw>
<kw name="Swipe By Percent" library="AppiumLibrary">
<doc>Swipe from one percent of the screen to another percent, for an optional duration.
Normal swipe fails to scale for different screen resolutions, this can be avoided using percent.</doc>
<arguments>
<arg>90</arg>
<arg>75</arg>
<arg>90</arg>
<arg>30</arg>
</arguments>
<status status="PASS" starttime="20201105 09:19:50.899" endtime="20201105 09:19:52.853"></status>
</kw>
<status status="PASS" starttime="20201105 09:19:50.561" endtime="20201105 09:19:52.853"></status>
</kw>
<kw name="${i} = 4" type="foritem">
<kw name="Wait Until Page Contains Element" library="AppiumLibrary">
<doc>Waits until element specified with `locator` appears on current page.</doc>
<arguments>
<arg>xpath=//*[@text='Add']</arg>
</arguments>
<status status="PASS" starttime="20201105 09:19:52.854" endtime="20201105 09:19:52.997"></status>
</kw>
<kw name="Click Element" library="AppiumLibrary">
<doc>Click element identified by `locator`.</doc>
<arguments>
<arg>xpath=//*[@text='Add']</arg>
</arguments>
<msg timestamp="20201105 09:19:52.999" level="INFO">Clicking element 'xpath=//*[@text='Add']'.</msg>
<status status="PASS" starttime="20201105 09:19:52.998" endtime="20201105 09:19:53.163"></status>
</kw>
<kw name="Swipe By Percent" library="AppiumLibrary">
<doc>Swipe from one percent of the screen to another percent, for an optional duration.
Normal swipe fails to scale for different screen resolutions, this can be avoided using percent.</doc>
<arguments>
<arg>90</arg>
<arg>75</arg>
<arg>90</arg>
<arg>30</arg>
</arguments>
<status status="PASS" starttime="20201105 09:19:53.163" endtime="20201105 09:19:55.078"></status>
</kw>
<status status="PASS" starttime="20201105 09:19:52.854" endtime="20201105 09:19:55.079"></status>
</kw>
<status status="PASS" starttime="20201105 09:19:42.575" endtime="20201105 09:19:55.079"></status>
</kw>
<kw name="Swipe By Percent" library="AppiumLibrary">
<doc>Swipe from one percent of the screen to another percent, for an optional duration.
Normal swipe fails to scale for different screen resolutions, this can be avoided using percent.</doc>
<arguments>
<arg>90</arg>
<arg>75</arg>
<arg>90</arg>
<arg>80</arg>
</arguments>
<status status="PASS" starttime="20201105 09:19:55.079" endtime="20201105 09:19:56.601"></status>
</kw>
<kw name="Sleep" library="BuiltIn">
<doc>Pauses the test executed for the given time.</doc>
<arguments>
<arg>2s</arg>
</arguments>
<msg timestamp="20201105 09:19:58.604" level="INFO">Slept 2 seconds</msg>
<status status="PASS" starttime="20201105 09:19:56.602" endtime="20201105 09:19:58.604"></status>
</kw>
<kw name="Wait Until Page Contains Element" library="AppiumLibrary">
<doc>Waits until element specified with `locator` appears on current page.</doc>
<arguments>
<arg>//*[@text='Basket']</arg>
</arguments>
<status status="PASS" starttime="20201105 09:19:58.605" endtime="20201105 09:19:58.721"></status>
</kw>
<kw name="Click Element" library="AppiumLibrary">
<doc>Click element identified by `locator`.</doc>
<arguments>
<arg>//*[@text='4']</arg>
</arguments>
<msg timestamp="20201105 09:19:58.723" level="INFO">Clicking element '//*[@text='4']'.</msg>
<status status="PASS" starttime="20201105 09:19:58.722" endtime="20201105 09:19:58.883"></status>
</kw>
<kw name="Wait Until Page Contains Element" library="AppiumLibrary">
<doc>Waits until element specified with `locator` appears on current page.</doc>
<arguments>
<arg>//*[@resource-id='com.bigbasket.mobileapp:id/total_price_tv']</arg>
</arguments>
<status status="PASS" starttime="20201105 09:19:58.883" endtime="20201105 09:20:00.663"></status>
</kw>
<kw name="Get Text" library="AppiumLibrary">
<doc>Get element text (for hybrid and mobile browser use `xpath` locator, others might cause problem)</doc>
<arguments>
<arg>//*[@resource-id='com.bigbasket.mobileapp:id/total_price_tv']</arg>
</arguments>
<assign>
<var>${price}</var>
</assign>
<msg timestamp="20201105 09:20:01.175" level="INFO">Element '//*[@resource-id='com.bigbasket.mobileapp:id/total_price_tv']' text is '₨ 119.50' </msg>
<msg timestamp="20201105 09:20:01.175" level="INFO">${price} = ₨ 119.50</msg>
<status status="PASS" starttime="20201105 09:20:00.663" endtime="20201105 09:20:01.175"></status>
</kw>
<kw name="Log To Console" library="BuiltIn">
<doc>Logs the given message to the console.</doc>
<arguments>
<arg>${price}</arg>
</arguments>
<status status="PASS" starttime="20201105 09:20:01.175" endtime="20201105 09:20:01.176"></status>
</kw>
<kw name="Wait Until Page Contains Element" library="AppiumLibrary">
<doc>Waits until element specified with `locator` appears on current page.</doc>
<arguments>
<arg>//*[@content-desc='Remove']</arg>
</arguments>
<status status="PASS" starttime="20201105 09:20:01.176" endtime="20201105 09:20:01.276"></status>
</kw>
<kw name="${i} IN RANGE [ 1 | 5 ]" type="for">
<kw name="${i} = 1" type="foritem">
<kw name="Wait Until Page Contains Element" library="AppiumLibrary">
<doc>Waits until element specified with `locator` appears on current page.</doc>
<arguments>
<arg>//*[@content-desc='Remove']</arg>
</arguments>
<status status="PASS" starttime="20201105 09:20:01.277" endtime="20201105 09:20:01.368"></status>
</kw>
<kw name="Click Element" library="AppiumLibrary">
<doc>Click element identified by `locator`.</doc>
<arguments>
<arg>//*[@content-desc='Remove']</arg>
</arguments>
<msg timestamp="20201105 09:20:01.370" level="INFO">Clicking element '//*[@content-desc='Remove']'.</msg>
<status status="PASS" starttime="20201105 09:20:01.369" endtime="20201105 09:20:01.531"></status>
</kw>
<status status="PASS" starttime="20201105 09:20:01.276" endtime="20201105 09:20:01.532"></status>
</kw>
<kw name="${i} = 2" type="foritem">
<kw name="Wait Until Page Contains Element" library="AppiumLibrary">
<doc>Waits until element specified with `locator` appears on current page.</doc>
<arguments>
<arg>//*[@content-desc='Remove']</arg>
</arguments>
<status status="PASS" starttime="20201105 09:20:01.532" endtime="20201105 09:20:01.847"></status>
</kw>
<kw name="Click Element" library="AppiumLibrary">
<doc>Click element identified by `locator`.</doc>
<arguments>
<arg>//*[@content-desc='Remove']</arg>
</arguments>
<msg timestamp="20201105 09:20:01.849" level="INFO">Clicking element '//*[@content-desc='Remove']'.</msg>
<status status="PASS" starttime="20201105 09:20:01.848" endtime="20201105 09:20:03.649"></status>
</kw>
<status status="PASS" starttime="20201105 09:20:01.532" endtime="20201105 09:20:03.650"></status>
</kw>
<kw name="${i} = 3" type="foritem">
<kw name="Wait Until Page Contains Element" library="AppiumLibrary">
<doc>Waits until element specified with `locator` appears on current page.</doc>
<arguments>
<arg>//*[@content-desc='Remove']</arg>
</arguments>
<status status="PASS" starttime="20201105 09:20:03.651" endtime="20201105 09:20:03.707"></status>
</kw>
<kw name="Click Element" library="AppiumLibrary">
<doc>Click element identified by `locator`.</doc>
<arguments>
<arg>//*[@content-desc='Remove']</arg>
</arguments>
<msg timestamp="20201105 09:20:03.709" level="INFO">Clicking element '//*[@content-desc='Remove']'.</msg>
<status status="PASS" starttime="20201105 09:20:03.708" endtime="20201105 09:20:04.738"></status>
</kw>
<status status="PASS" starttime="20201105 09:20:03.650" endtime="20201105 09:20:04.738"></status>
</kw>
<kw name="${i} = 4" type="foritem">
<kw name="Wait Until Page Contains Element" library="AppiumLibrary">
<doc>Waits until element specified with `locator` appears on current page.</doc>
<arguments>
<arg>//*[@content-desc='Remove']</arg>
</arguments>
<status status="PASS" starttime="20201105 09:20:04.739" endtime="20201105 09:20:04.792"></status>
</kw>
<kw name="Click Element" library="AppiumLibrary">
<doc>Click element identified by `locator`.</doc>
<arguments>
<arg>//*[@content-desc='Remove']</arg>
</arguments>
<msg timestamp="20201105 09:20:04.794" level="INFO">Clicking element '//*[@content-desc='Remove']'.</msg>
<status status="PASS" starttime="20201105 09:20:04.792" endtime="20201105 09:20:04.933"></status>
</kw>
<status status="PASS" starttime="20201105 09:20:04.738" endtime="20201105 09:20:04.934"></status>
</kw>
<status status="PASS" starttime="20201105 09:20:01.276" endtime="20201105 09:20:04.934"></status>
</kw>
<status status="PASS" starttime="20201105 09:19:31.924" endtime="20201105 09:20:04.934"></status>
</kw>
<kw name="Then I validate the test" library="stepdefn">
<kw name="Sleep" library="BuiltIn">
<doc>Pauses the test executed for the given time.</doc>
<arguments>
<arg>5S</arg>
</arguments>
<msg timestamp="20201105 09:20:09.937" level="INFO">Slept 5 seconds</msg>
<status status="PASS" starttime="20201105 09:20:04.935" endtime="20201105 09:20:09.937"></status>
</kw>
<kw name="Click Element" library="AppiumLibrary">
<doc>Click element identified by `locator`.</doc>
<arguments>
<arg>//*[@content-desc='Open navigation']</arg>
</arguments>
<msg timestamp="20201105 09:20:09.940" level="INFO">Clicking element '//*[@content-desc='Open navigation']'.</msg>
<status status="PASS" starttime="20201105 09:20:09.938" endtime="20201105 09:20:10.033"></status>
</kw>
<kw name="Wait Until Page Contains Element" library="AppiumLibrary">
<doc>Waits until element specified with `locator` appears on current page.</doc>
<arguments>
<arg>//*[@text='560004,Bangalore- 560004']</arg>
</arguments>
<status status="PASS" starttime="20201105 09:20:10.033" endtime="20201105 09:20:10.539"></status>
</kw>
<kw name="Page Should Contain Element" library="AppiumLibrary">
<doc>Verifies that current page contains `locator` element.</doc>
<arguments>
<arg>//*[@text='560004,Bangalore- 560004']</arg>
</arguments>
<msg timestamp="20201105 09:20:11.135" level="INFO">Current page contains element '//*[@text='560004,Bangalore- 560004']'.</msg>
<status status="PASS" starttime="20201105 09:20:10.539" endtime="20201105 09:20:11.136"></status>
</kw>
<status status="PASS" starttime="20201105 09:20:04.934" endtime="20201105 09:20:11.136"></status>
</kw>
<status status="PASS" starttime="20201105 09:19:14.076" endtime="20201105 09:20:11.137" critical="yes"></status>
</test>
<status status="PASS" starttime="20201105 09:19:13.838" endtime="20201105 09:20:11.137"></status>
</suite>
<status status="PASS" starttime="20201105 09:19:13.833" endtime="20201105 09:20:11.139"></status>
</suite>
<status status="PASS" starttime="20201105 09:19:13.809" endtime="20201105 09:20:11.141"></status>
</suite>
<statistics>
<total>
<stat pass="1" fail="0">Critical Tests</stat>
<stat pass="1" fail="0">All Tests</stat>
</total>
<tag>
</tag>
<suite>
<stat pass="1" fail="0" id="s1" name="Appium Big Basket Project">Appium Big Basket Project</stat>
<stat pass="1" fail="0" id="s1-s1" name="Nativeappsuite">Appium Big Basket Project.Nativeappsuite</stat>
<stat pass="1" fail="0" id="s1-s1-s1" name="Gherkinstest">Appium Big Basket Project.Nativeappsuite.Gherkinstest</stat>
</suite>
</statistics>
<errors>
</errors>
</robot>
