<?xml version="1.0" encoding="UTF-8"?>
<robot generator="Robot 3.2.2 (Python 3.9.0 on win32)" generated="20201104 18:10:01.509" rpa="false">
<suite id="s1" name="Appium Big Basket Project" source="C:\Users\Training\Desktop\Selenium folder\RobotWorkspace\Appium Big Basket Project">
<suite id="s1-s1" name="Nativeappsuite" source="C:\Users\Training\Desktop\Selenium folder\RobotWorkspace\Appium Big Basket Project\nativeappsuite">
<suite id="s1-s1-s1" name="Gherkinstest" source="C:\Users\Training\Desktop\Selenium folder\RobotWorkspace\Appium Big Basket Project\nativeappsuite\Gherkinstest.robot">
<test id="s1-s1-s1-t1" name="GherkinsTest">
<kw name="Given I have launched Big Basket application" library="stepdefn">
<kw name="Open Application" library="AppiumLibrary">
<doc>Opens a new application to given Appium server.
Capabilities of appium server, Android and iOS,
Please check https://github.com/appium/appium/blob/master/docs/en/writing-running-appium/server-args.md
| *Option*            | *Man.* | *Description*     |
| remote_url          | Yes    | Appium server url |
| alias               | no     | alias             |</doc>
<arguments>
<arg>remote_url=http://localhost:4723/wd/hub</arg>
<arg>platformName=android</arg>
<arg>deviceName=pixel 2</arg>
<arg>appPackage=com.bigbasket.mobileapp</arg>
<arg>appActivity=com.bigbasket.mobileapp.activity.SplashActivity</arg>
<arg>noReset=true</arg>
</arguments>
<status status="PASS" starttime="20201104 18:10:01.992" endtime="20201104 18:10:17.618"></status>
</kw>
<kw name="Set Appium Timeout" library="AppiumLibrary">
<doc>Sets the timeout in seconds used by various keywords.</doc>
<arguments>
<arg>30s</arg>
</arguments>
<status status="PASS" starttime="20201104 18:10:17.619" endtime="20201104 18:10:17.620"></status>
</kw>
<status status="PASS" starttime="20201104 18:10:01.991" endtime="20201104 18:10:17.620"></status>
</kw>
<kw name="When I click open navigation" library="stepdefn">
<kw name="Sleep" library="BuiltIn">
<doc>Pauses the test executed for the given time.</doc>
<arguments>
<arg>5S</arg>
</arguments>
<msg timestamp="20201104 18:10:22.623" level="INFO">Slept 5 seconds</msg>
<status status="PASS" starttime="20201104 18:10:17.621" endtime="20201104 18:10:22.623"></status>
</kw>
<kw name="Click Element" library="AppiumLibrary">
<doc>Click element identified by `locator`.</doc>
<arguments>
<arg>//*[@content-desc='Open navigation']</arg>
</arguments>
<msg timestamp="20201104 18:10:22.627" level="INFO">Clicking element '//*[@content-desc='Open navigation']'.</msg>
<status status="PASS" starttime="20201104 18:10:22.624" endtime="20201104 18:10:26.251"></status>
</kw>
<status status="PASS" starttime="20201104 18:10:17.621" endtime="20201104 18:10:26.251"></status>
</kw>
<kw name="Then I validate the test" library="stepdefn">
<kw name="Wait Until Page Contains Element" library="AppiumLibrary">
<doc>Waits until element specified with `locator` appears on current page.</doc>
<arguments>
<arg>//*[@text='560004,Bangalore- 560004']</arg>
</arguments>
<status status="PASS" starttime="20201104 18:10:26.253" endtime="20201104 18:10:27.826"></status>
</kw>
<kw name="Page Should Contain Element" library="AppiumLibrary">
<doc>Verifies that current page contains `locator` element.</doc>
<arguments>
<arg>//*[@text='560004,Bangalore- 560004']</arg>
</arguments>
<msg timestamp="20201104 18:10:29.615" level="INFO">Current page contains element '//*[@text='560004,Bangalore- 560004']'.</msg>
<status status="PASS" starttime="20201104 18:10:27.827" endtime="20201104 18:10:29.615"></status>
</kw>
<status status="PASS" starttime="20201104 18:10:26.251" endtime="20201104 18:10:29.616"></status>
</kw>
<status status="PASS" starttime="20201104 18:10:01.990" endtime="20201104 18:10:29.616" critical="yes"></status>
</test>
<status status="PASS" starttime="20201104 18:10:01.664" endtime="20201104 18:10:29.617"></status>
</suite>
<status status="PASS" starttime="20201104 18:10:01.659" endtime="20201104 18:10:29.816"></status>
</suite>
<status status="PASS" starttime="20201104 18:10:01.627" endtime="20201104 18:10:29.817"></status>
</suite>
<statistics>
<total>
<stat pass="1" fail="0">Critical Tests</stat>
<stat pass="1" fail="0">All Tests</stat>
</total>
<tag>
</tag>
<suite>
<stat pass="1" fail="0" id="s1" name="Appium Big Basket Project">Appium Big Basket Project</stat>
<stat pass="1" fail="0" id="s1-s1" name="Nativeappsuite">Appium Big Basket Project.Nativeappsuite</stat>
<stat pass="1" fail="0" id="s1-s1-s1" name="Gherkinstest">Appium Big Basket Project.Nativeappsuite.Gherkinstest</stat>
</suite>
</statistics>
<errors>
</errors>
</robot>
